2024-02-24 17:07:08,323 - example_logger - INFO - This is an info message
2024-02-24 17:07:08,323 - example_logger - WARNING - This is a warning message
2024-02-24 17:07:08,323 - example_logger - ERROR - This is an error message
2024-02-24 17:07:08,323 - example_logger - CRITICAL - This is a critical message
2024-02-24 17:07:18,626 - example_logger - INFO - This is an info message
2024-02-24 17:07:18,626 - example_logger - WARNING - This is a warning message
2024-02-24 17:07:18,626 - example_logger - ERROR - This is an error message
2024-02-24 17:07:18,626 - example_logger - CRITICAL - This is a critical message
2024-02-24 17:07:23,131 - example_logger - INFO - This is an info message
2024-02-24 17:07:23,131 - example_logger - WARNING - This is a warning message
2024-02-24 17:07:23,131 - example_logger - ERROR - This is an error message
2024-02-24 17:07:23,131 - example_logger - CRITICAL - This is a critical message
2024-02-24 17:07:54,300 - example_logger - DEBUG - This is a debug message
2024-02-24 17:07:54,300 - example_logger - INFO - This is an info message
2024-02-24 17:07:54,300 - example_logger - WARNING - This is a warning message
2024-02-24 17:07:54,300 - example_logger - ERROR - This is an error message
2024-02-24 17:07:54,300 - example_logger - CRITICAL - This is a critical message
2024-02-24 17:08:02,623 - example_logger - ERROR - This is an error message
2024-02-24 17:08:02,623 - example_logger - CRITICAL - This is a critical message
2024-02-24 17:08:09,739 - example_logger - CRITICAL - This is a critical message
